2021-09-25 19:24:40.595 INFO  main [com.alibaba.boot.nacos.config.util.NacosConfigPropertiesUtils:?]-nacosConfigProperties : NacosConfigProperties{serverAddr='127.0.0.1:8848', contextPath='null', encode='null', endpoint='null', namespace='null', accessKey='null', secretKey='null', ramRoleName='null', autoRefresh=false, dataId='null', dataIds='null', group='DEFAULT_GROUP', type=null, maxRetry='null', configLongPollTimeout='null', configRetryTime='null', enableRemoteSyncConfig=false, extConfig=[], bootstrap=Bootstrap{enable=false, logEnable=false}}
2021-09-25 19:24:40.599 INFO  main [com.alibaba.boot.nacos.config.autoconfigure.NacosConfigApplicationContextInitializer:?]-[Nacos Config Boot] : The preload configuration is not enabled
2021-09-25 19:24:40.609 INFO  main [com.xdemo.auth.XdemoAuthApplication:?]-Starting XdemoAuthApplication on AngesZhudeMacBook-Pro.local with PID 1426 (/Users/angeszhu/xdemo/xdemo-auth/target/classes started by angeszhu in /Users/angeszhu/xdemo/xdemo-auth)
2021-09-25 19:24:40.609 DEBUG main [com.xdemo.auth.XdemoAuthApplication:?]-Running with Spring Boot v2.3.3.RELEASE, Spring v5.2.8.RELEASE
2021-09-25 19:24:40.609 INFO  main [com.xdemo.auth.XdemoAuthApplication:?]-No active profile set, falling back to default profiles: default
2021-09-25 19:24:41.419 INFO  main [org.springframework.data.repository.config.RepositoryConfigurationDelegate:?]-Multiple Spring Data modules found, entering strict repository configuration mode!
2021-09-25 19:24:41.421 INFO  main [org.springframework.data.repository.config.RepositoryConfigurationDelegate:?]-Bootstrapping Spring Data Redis repositories in DEFAULT mode.
2021-09-25 19:24:41.449 INFO  main [org.springframework.data.repository.config.RepositoryConfigurationDelegate:?]-Finished Spring Data repository scanning in 14ms. Found 0 Redis repository interfaces.
2021-09-25 19:24:41.721 INFO  main [org.springframework.context.support.PostProcessorRegistrationDelegate$BeanPostProcessorChecker:?]-Bean 'myRedisConfig' of type [com.xdemo.auth.Config.MyRedisConfig$$EnhancerBySpringCGLIB$$e43429a1] is not eligible for getting processed by all BeanPostProcessors (for example: not eligible for auto-proxying)
2021-09-25 19:24:42.053 INFO  main [org.springframework.boot.web.embedded.tomcat.TomcatWebServer:?]-Tomcat initialized with port(s): 9000 (http)
2021-09-25 19:24:42.062 INFO  main [org.apache.catalina.core.StandardService:?]-Starting service [Tomcat]
2021-09-25 19:24:42.063 INFO  main [org.apache.catalina.core.StandardEngine:?]-Starting Servlet engine: [Apache Tomcat/9.0.37]
2021-09-25 19:24:42.127 INFO  main [org.apache.catalina.core.ContainerBase.[Tomcat].[localhost].[/]:?]-Initializing Spring embedded WebApplicationContext
2021-09-25 19:24:42.127 INFO  main [org.springframework.boot.web.servlet.context.ServletWebServerApplicationContext:?]-Root WebApplicationContext: initialization completed in 1476 ms
2021-09-25 19:24:43.687 INFO  main [org.springframework.scheduling.concurrent.ThreadPoolTaskExecutor:?]-Initializing ExecutorService 'applicationTaskExecutor'
2021-09-25 19:24:44.155 INFO  main [org.springframework.boot.web.embedded.tomcat.TomcatWebServer:?]-Tomcat started on port(s): 9000 (http) with context path ''
2021-09-25 19:24:44.384 INFO  main [com.xdemo.auth.XdemoAuthApplication:?]-Started XdemoAuthApplication in 4.276 seconds (JVM running for 5.443)
2021-09-25 19:24:57.733 INFO  http-nio-9000-exec-1 [org.apache.catalina.core.ContainerBase.[Tomcat].[localhost].[/]:?]-Initializing Spring DispatcherServlet 'dispatcherServlet'
2021-09-25 19:24:57.733 INFO  http-nio-9000-exec-1 [org.springframework.web.servlet.DispatcherServlet:?]-Initializing Servlet 'dispatcherServlet'
2021-09-25 19:24:57.748 INFO  http-nio-9000-exec-1 [org.springframework.web.servlet.DispatcherServlet:?]-Completed initialization in 15 ms
2021-09-25 19:26:16.024 INFO  SpringContextShutdownHook [org.springframework.scheduling.concurrent.ThreadPoolTaskExecutor:?]-Shutting down ExecutorService 'applicationTaskExecutor'
2021-09-25 19:26:16.051 INFO  SpringContextShutdownHook [com.alibaba.nacos.spring.context.annotation.config.NacosValueAnnotationBeanPostProcessor:?]-class com.alibaba.nacos.spring.context.annotation.config.NacosValueAnnotationBeanPostProcessor was destroying!
2021-09-25 19:26:16.051 INFO  SpringContextShutdownHook [com.alibaba.nacos.spring.beans.factory.annotation.AnnotationNacosInjectedBeanPostProcessor:?]-com.alibaba.nacos.spring.factory.DelegatingNamingService@23f0b988 was destroying!
2021-09-25 19:26:16.051 INFO  SpringContextShutdownHook [com.alibaba.nacos.spring.beans.factory.annotation.AnnotationNacosInjectedBeanPostProcessor:?]-class com.alibaba.nacos.spring.beans.factory.annotation.AnnotationNacosInjectedBeanPostProcessor was destroying!
2021-09-25 19:26:20.952 INFO  main [com.alibaba.boot.nacos.config.util.NacosConfigPropertiesUtils:?]-nacosConfigProperties : NacosConfigProperties{serverAddr='127.0.0.1:8848', contextPath='null', encode='null', endpoint='null', namespace='null', accessKey='null', secretKey='null', ramRoleName='null', autoRefresh=false, dataId='null', dataIds='null', group='DEFAULT_GROUP', type=null, maxRetry='null', configLongPollTimeout='null', configRetryTime='null', enableRemoteSyncConfig=false, extConfig=[], bootstrap=Bootstrap{enable=false, logEnable=false}}
2021-09-25 19:26:20.956 INFO  main [com.alibaba.boot.nacos.config.autoconfigure.NacosConfigApplicationContextInitializer:?]-[Nacos Config Boot] : The preload configuration is not enabled
2021-09-25 19:26:20.969 INFO  main [com.xdemo.auth.XdemoAuthApplication:?]-Starting XdemoAuthApplication on AngesZhudeMacBook-Pro.local with PID 1469 (/Users/angeszhu/xdemo/xdemo-auth/target/classes started by angeszhu in /Users/angeszhu/xdemo/xdemo-auth)
2021-09-25 19:26:20.970 DEBUG main [com.xdemo.auth.XdemoAuthApplication:?]-Running with Spring Boot v2.3.3.RELEASE, Spring v5.2.8.RELEASE
2021-09-25 19:26:20.970 INFO  main [com.xdemo.auth.XdemoAuthApplication:?]-No active profile set, falling back to default profiles: default
2021-09-25 19:26:21.790 INFO  main [org.springframework.data.repository.config.RepositoryConfigurationDelegate:?]-Multiple Spring Data modules found, entering strict repository configuration mode!
2021-09-25 19:26:21.791 INFO  main [org.springframework.data.repository.config.RepositoryConfigurationDelegate:?]-Bootstrapping Spring Data Redis repositories in DEFAULT mode.
2021-09-25 19:26:21.814 INFO  main [org.springframework.data.repository.config.RepositoryConfigurationDelegate:?]-Finished Spring Data repository scanning in 13ms. Found 0 Redis repository interfaces.
2021-09-25 19:26:22.054 INFO  main [org.springframework.context.support.PostProcessorRegistrationDelegate$BeanPostProcessorChecker:?]-Bean 'myRedisConfig' of type [com.xdemo.auth.Config.MyRedisConfig$$EnhancerBySpringCGLIB$$e43429a1] is not eligible for getting processed by all BeanPostProcessors (for example: not eligible for auto-proxying)
2021-09-25 19:26:22.342 INFO  main [org.springframework.boot.web.embedded.tomcat.TomcatWebServer:?]-Tomcat initialized with port(s): 9000 (http)
2021-09-25 19:26:22.348 INFO  main [org.apache.catalina.core.StandardService:?]-Starting service [Tomcat]
2021-09-25 19:26:22.348 INFO  main [org.apache.catalina.core.StandardEngine:?]-Starting Servlet engine: [Apache Tomcat/9.0.37]
2021-09-25 19:26:22.406 INFO  main [org.apache.catalina.core.ContainerBase.[Tomcat].[localhost].[/]:?]-Initializing Spring embedded WebApplicationContext
2021-09-25 19:26:22.406 INFO  main [org.springframework.boot.web.servlet.context.ServletWebServerApplicationContext:?]-Root WebApplicationContext: initialization completed in 1379 ms
2021-09-25 19:26:23.945 INFO  main [org.springframework.scheduling.concurrent.ThreadPoolTaskExecutor:?]-Initializing ExecutorService 'applicationTaskExecutor'
2021-09-25 19:26:24.417 INFO  main [org.springframework.boot.web.embedded.tomcat.TomcatWebServer:?]-Tomcat started on port(s): 9000 (http) with context path ''
2021-09-25 19:26:24.609 INFO  main [com.xdemo.auth.XdemoAuthApplication:?]-Started XdemoAuthApplication in 4.24 seconds (JVM running for 4.943)
2021-09-25 19:26:27.571 INFO  http-nio-9000-exec-1 [org.apache.catalina.core.ContainerBase.[Tomcat].[localhost].[/]:?]-Initializing Spring DispatcherServlet 'dispatcherServlet'
2021-09-25 19:26:27.571 INFO  http-nio-9000-exec-1 [org.springframework.web.servlet.DispatcherServlet:?]-Initializing Servlet 'dispatcherServlet'
2021-09-25 19:26:27.586 INFO  http-nio-9000-exec-1 [org.springframework.web.servlet.DispatcherServlet:?]-Completed initialization in 15 ms
2021-09-25 19:29:00.203 INFO  http-nio-9000-exec-9 [com.xdemo.auth.Controller.LoginController:?]-用户登录，test123
2021-09-25 19:29:00.203 INFO  http-nio-9000-exec-9 [com.xdemo.auth.Service.impl.LoginInServiceImpl:?]-判断用户是否存在
2021-09-25 19:29:00.271 INFO  http-nio-9000-exec-9 [com.zaxxer.hikari.HikariDataSource:?]-HikariPool-1 - Starting...
2021-09-25 19:29:00.658 INFO  http-nio-9000-exec-9 [com.zaxxer.hikari.HikariDataSource:?]-HikariPool-1 - Start completed.
2021-09-25 19:29:00.667 DEBUG http-nio-9000-exec-9 [com.xdemo.auth.Repository.DemoAuthUserMapper.selectByMap:?]-==>  Preparing: SELECT id,username,password,is_superuser,first_name,last_name,email,phone,is_active FROM demo_auth_user WHERE username = ?
2021-09-25 19:29:00.694 DEBUG http-nio-9000-exec-9 [com.xdemo.auth.Repository.DemoAuthUserMapper.selectByMap:?]-==> Parameters: test123(String)
2021-09-25 19:29:00.750 DEBUG http-nio-9000-exec-9 [com.xdemo.auth.Repository.DemoAuthUserMapper.selectByMap:?]-<==      Total: 0
2021-09-25 19:29:06.337 INFO  http-nio-9000-exec-10 [com.xdemo.auth.Controller.LoginController:?]-用户登录，test
2021-09-25 19:29:06.337 INFO  http-nio-9000-exec-10 [com.xdemo.auth.Service.impl.LoginInServiceImpl:?]-判断用户是否存在
2021-09-25 19:29:06.358 DEBUG http-nio-9000-exec-10 [com.xdemo.auth.Repository.DemoAuthUserMapper.selectByMap:?]-==>  Preparing: SELECT id,username,password,is_superuser,first_name,last_name,email,phone,is_active FROM demo_auth_user WHERE username = ?
2021-09-25 19:29:06.358 DEBUG http-nio-9000-exec-10 [com.xdemo.auth.Repository.DemoAuthUserMapper.selectByMap:?]-==> Parameters: test(String)
2021-09-25 19:29:06.382 DEBUG http-nio-9000-exec-10 [com.xdemo.auth.Repository.DemoAuthUserMapper.selectByMap:?]-<==      Total: 1
2021-09-25 19:29:06.382 INFO  http-nio-9000-exec-10 [com.xdemo.auth.Service.impl.LoginInServiceImpl:?]-用户存在，开始验证密码
2021-09-25 19:30:01.957 WARN  http-nio-9000-exec-1 [org.springframework.web.servlet.mvc.support.DefaultHandlerExceptionResolver:?]-Resolved [org.springframework.web.HttpMediaTypeNotSupportedException: Content type 'text/plain;charset=UTF-8' not supported]
2021-09-25 19:30:10.282 WARN  http-nio-9000-exec-4 [org.springframework.web.servlet.mvc.support.DefaultHandlerExceptionResolver:?]-Resolved [org.springframework.web.HttpMediaTypeNotSupportedException: Content type 'text/plain;charset=UTF-8' not supported]
2021-09-25 19:30:57.425 WARN  http-nio-9000-exec-6 [org.springframework.web.servlet.mvc.support.DefaultHandlerExceptionResolver:?]-Resolved [org.springframework.web.HttpMediaTypeNotSupportedException: Content type 'text/plain;charset=UTF-8' not supported]
2021-09-25 19:32:08.644 INFO  http-nio-9000-exec-7 [com.xdemo.auth.Controller.LoginController:?]-用户登录，test
2021-09-25 19:32:08.644 INFO  http-nio-9000-exec-7 [com.xdemo.auth.Service.impl.LoginInServiceImpl:?]-判断用户是否存在
2021-09-25 19:32:08.673 DEBUG http-nio-9000-exec-7 [com.xdemo.auth.Repository.DemoAuthUserMapper.selectByMap:?]-==>  Preparing: SELECT id,username,password,is_superuser,first_name,last_name,email,phone,is_active FROM demo_auth_user WHERE username = ?
2021-09-25 19:32:08.674 DEBUG http-nio-9000-exec-7 [com.xdemo.auth.Repository.DemoAuthUserMapper.selectByMap:?]-==> Parameters: test(String)
2021-09-25 19:32:08.691 DEBUG http-nio-9000-exec-7 [com.xdemo.auth.Repository.DemoAuthUserMapper.selectByMap:?]-<==      Total: 1
2021-09-25 19:32:08.691 INFO  http-nio-9000-exec-7 [com.xdemo.auth.Service.impl.LoginInServiceImpl:?]-用户存在，开始验证密码
2021-09-25 19:34:09.547 INFO  http-nio-9000-exec-10 [com.xdemo.auth.Controller.LoginController:?]-用户登录，test
2021-09-25 19:34:09.547 INFO  http-nio-9000-exec-10 [com.xdemo.auth.Service.impl.LoginInServiceImpl:?]-判断用户是否存在
2021-09-25 19:34:09.566 DEBUG http-nio-9000-exec-10 [com.xdemo.auth.Repository.DemoAuthUserMapper.selectByMap:?]-==>  Preparing: SELECT id,username,password,is_superuser,first_name,last_name,email,phone,is_active FROM demo_auth_user WHERE username = ?
2021-09-25 19:34:09.566 DEBUG http-nio-9000-exec-10 [com.xdemo.auth.Repository.DemoAuthUserMapper.selectByMap:?]-==> Parameters: test(String)
2021-09-25 19:34:09.602 DEBUG http-nio-9000-exec-10 [com.xdemo.auth.Repository.DemoAuthUserMapper.selectByMap:?]-<==      Total: 1
2021-09-25 19:34:09.602 INFO  http-nio-9000-exec-10 [com.xdemo.auth.Service.impl.LoginInServiceImpl:?]-用户存在，开始验证密码
2021-09-25 19:34:45.328 INFO  http-nio-9000-exec-3 [com.xdemo.auth.Controller.LoginController:?]-用户登录，test
2021-09-25 19:34:45.328 INFO  http-nio-9000-exec-3 [com.xdemo.auth.Service.impl.LoginInServiceImpl:?]-判断用户是否存在
2021-09-25 19:34:45.354 DEBUG http-nio-9000-exec-3 [com.xdemo.auth.Repository.DemoAuthUserMapper.selectByMap:?]-==>  Preparing: SELECT id,username,password,is_superuser,first_name,last_name,email,phone,is_active FROM demo_auth_user WHERE username = ?
2021-09-25 19:34:45.354 DEBUG http-nio-9000-exec-3 [com.xdemo.auth.Repository.DemoAuthUserMapper.selectByMap:?]-==> Parameters: test(String)
2021-09-25 19:34:45.370 DEBUG http-nio-9000-exec-3 [com.xdemo.auth.Repository.DemoAuthUserMapper.selectByMap:?]-<==      Total: 1
2021-09-25 19:34:45.371 INFO  http-nio-9000-exec-3 [com.xdemo.auth.Service.impl.LoginInServiceImpl:?]-用户存在，开始验证密码
2021-09-25 19:35:28.014 INFO  http-nio-9000-exec-2 [com.xdemo.auth.Controller.LoginController:?]-用户登录，tester1
2021-09-25 19:35:28.014 INFO  http-nio-9000-exec-2 [com.xdemo.auth.Service.impl.LoginInServiceImpl:?]-判断用户是否存在
2021-09-25 19:35:28.033 DEBUG http-nio-9000-exec-2 [com.xdemo.auth.Repository.DemoAuthUserMapper.selectByMap:?]-==>  Preparing: SELECT id,username,password,is_superuser,first_name,last_name,email,phone,is_active FROM demo_auth_user WHERE username = ?
2021-09-25 19:35:28.034 DEBUG http-nio-9000-exec-2 [com.xdemo.auth.Repository.DemoAuthUserMapper.selectByMap:?]-==> Parameters: tester1(String)
2021-09-25 19:35:28.078 DEBUG http-nio-9000-exec-2 [com.xdemo.auth.Repository.DemoAuthUserMapper.selectByMap:?]-<==      Total: 1
2021-09-25 19:35:28.078 INFO  http-nio-9000-exec-2 [com.xdemo.auth.Service.impl.LoginInServiceImpl:?]-用户存在，开始验证密码
2021-09-25 19:36:43.967 INFO  http-nio-9000-exec-6 [com.xdemo.auth.Controller.LoginController:?]-用户登录，US_baka
2021-09-25 19:36:43.967 INFO  http-nio-9000-exec-6 [com.xdemo.auth.Service.impl.LoginInServiceImpl:?]-判断用户是否存在
2021-09-25 19:36:43.988 DEBUG http-nio-9000-exec-6 [com.xdemo.auth.Repository.DemoAuthUserMapper.selectByMap:?]-==>  Preparing: SELECT id,username,password,is_superuser,first_name,last_name,email,phone,is_active FROM demo_auth_user WHERE username = ?
2021-09-25 19:36:43.988 DEBUG http-nio-9000-exec-6 [com.xdemo.auth.Repository.DemoAuthUserMapper.selectByMap:?]-==> Parameters: US_baka(String)
2021-09-25 19:36:44.011 DEBUG http-nio-9000-exec-6 [com.xdemo.auth.Repository.DemoAuthUserMapper.selectByMap:?]-<==      Total: 0
2021-09-25 19:36:53.860 INFO  http-nio-9000-exec-8 [com.xdemo.auth.Controller.LoginController:?]-用户登录，usfuck1
2021-09-25 19:36:53.860 INFO  http-nio-9000-exec-8 [com.xdemo.auth.Service.impl.LoginInServiceImpl:?]-判断用户是否存在
2021-09-25 19:36:54.011 DEBUG http-nio-9000-exec-8 [com.xdemo.auth.Repository.DemoAuthUserMapper.selectByMap:?]-==>  Preparing: SELECT id,username,password,is_superuser,first_name,last_name,email,phone,is_active FROM demo_auth_user WHERE username = ?
2021-09-25 19:36:54.011 DEBUG http-nio-9000-exec-8 [com.xdemo.auth.Repository.DemoAuthUserMapper.selectByMap:?]-==> Parameters: usfuck1(String)
2021-09-25 19:36:54.030 DEBUG http-nio-9000-exec-8 [com.xdemo.auth.Repository.DemoAuthUserMapper.selectByMap:?]-<==      Total: 0
2021-09-25 19:37:18.858 INFO  http-nio-9000-exec-7 [com.xdemo.auth.Controller.DemoAuthUserController:?]-获取用户列表
2021-09-25 19:37:18.898 DEBUG http-nio-9000-exec-7 [com.xdemo.auth.Repository.DemoAuthUserMapper.selectList:?]-==>  Preparing: SELECT id,username,password,is_superuser,first_name,last_name,email,phone,is_active FROM demo_auth_user
2021-09-25 19:37:18.899 DEBUG http-nio-9000-exec-7 [com.xdemo.auth.Repository.DemoAuthUserMapper.selectList:?]-==> Parameters: 
2021-09-25 19:37:18.927 DEBUG http-nio-9000-exec-7 [com.xdemo.auth.Repository.DemoAuthUserMapper.selectList:?]-<==      Total: 17
2021-09-25 19:38:06.421 INFO  http-nio-9000-exec-10 [com.xdemo.auth.Controller.DemoAuthUserController:?]-创建用户, test123
2021-09-25 19:38:06.445 DEBUG http-nio-9000-exec-10 [com.xdemo.auth.Repository.DemoAuthUserMapper.insert:?]-==>  Preparing: INSERT INTO demo_auth_user ( username, password, is_superuser, first_name, last_name, email, phone, is_active ) VALUES ( ?, ?, ?, ?, ?, ?, ?, ? )
2021-09-25 19:38:06.446 DEBUG http-nio-9000-exec-10 [com.xdemo.auth.Repository.DemoAuthUserMapper.insert:?]-==> Parameters: test123(String), E10ADC3949BA59ABBE56E057F20F883E(String), true(Boolean), 测试(String), 人员(String), 11111(String), 18766665555(String), true(Boolean)
2021-09-25 19:38:06.504 DEBUG http-nio-9000-exec-10 [com.xdemo.auth.Repository.DemoAuthUserMapper.insert:?]-<==    Updates: 1
2021-09-25 19:38:15.338 INFO  http-nio-9000-exec-1 [com.xdemo.auth.Controller.LoginController:?]-用户登录，test123
2021-09-25 19:38:15.338 INFO  http-nio-9000-exec-1 [com.xdemo.auth.Service.impl.LoginInServiceImpl:?]-判断用户是否存在
2021-09-25 19:38:15.359 DEBUG http-nio-9000-exec-1 [com.xdemo.auth.Repository.DemoAuthUserMapper.selectByMap:?]-==>  Preparing: SELECT id,username,password,is_superuser,first_name,last_name,email,phone,is_active FROM demo_auth_user WHERE username = ?
2021-09-25 19:38:15.359 DEBUG http-nio-9000-exec-1 [com.xdemo.auth.Repository.DemoAuthUserMapper.selectByMap:?]-==> Parameters: test123(String)
2021-09-25 19:38:15.386 DEBUG http-nio-9000-exec-1 [com.xdemo.auth.Repository.DemoAuthUserMapper.selectByMap:?]-<==      Total: 1
2021-09-25 19:38:15.386 INFO  http-nio-9000-exec-1 [com.xdemo.auth.Service.impl.LoginInServiceImpl:?]-用户存在，开始验证密码
2021-09-25 19:38:15.386 INFO  http-nio-9000-exec-1 [com.xdemo.auth.Service.impl.LoginInServiceImpl:?]-密码验证通过
2021-09-25 19:38:16.167 INFO  http-nio-9000-exec-1 [com.xdemo.auth.Service.impl.LoginInServiceImpl:?]-插入用户缓存 >> eyJUeXBlIjoiSnd0IiwidHlwIjoiSldUIiwiYWxnIjoiSFMyNTYifQ.eyJleHAiOjE2MzI1NzA3OTUsInVzZXJJZCI6MTIwLCJpYXQiOjE2MzI1Njk4OTUsInVzZXJuYW1lIjoidGVzdDEyMyJ9.cjcCdxCYFSZfHJQOpUr53JjH4hQmMVQRQwdFBpFA404
2021-09-25 19:38:16.209 DEBUG http-nio-9000-exec-1 [com.xdemo.auth.Repository.DemoAuthTokenMapper.insert:?]-==>  Preparing: INSERT INTO demo_auth_token ( user_id, token, status, created_at, updated_at ) VALUES ( ?, ?, ?, ?, ? )
2021-09-25 19:38:16.212 DEBUG http-nio-9000-exec-1 [com.xdemo.auth.Repository.DemoAuthTokenMapper.insert:?]-==> Parameters: 120(Integer), eyJUeXBlIjoiSnd0IiwidHlwIjoiSldUIiwiYWxnIjoiSFMyNTYifQ.eyJleHAiOjE2MzI1NzA3OTUsInVzZXJJZCI6MTIwLCJpYXQiOjE2MzI1Njk4OTUsInVzZXJuYW1lIjoidGVzdDEyMyJ9.cjcCdxCYFSZfHJQOpUr53JjH4hQmMVQRQwdFBpFA404(String), 10(Integer), 2021-09-25 19:38:16.167(Timestamp), 2021-09-25 19:38:16.167(Timestamp)
2021-09-25 19:38:16.280 DEBUG http-nio-9000-exec-1 [com.xdemo.auth.Repository.DemoAuthTokenMapper.insert:?]-<==    Updates: 1
2021-09-25 19:38:16.281 INFO  http-nio-9000-exec-1 [com.xdemo.auth.Service.impl.LoginInServiceImpl:?]-登录成功，并储存token成功
2021-09-25 19:38:25.802 INFO  http-nio-9000-exec-3 [com.xdemo.auth.Controller.LoginController:?]-用户登录，test123
2021-09-25 19:38:25.802 INFO  http-nio-9000-exec-3 [com.xdemo.auth.Service.impl.LoginInServiceImpl:?]-判断用户是否存在
2021-09-25 19:38:25.864 DEBUG http-nio-9000-exec-3 [com.xdemo.auth.Repository.DemoAuthUserMapper.selectByMap:?]-==>  Preparing: SELECT id,username,password,is_superuser,first_name,last_name,email,phone,is_active FROM demo_auth_user WHERE username = ?
2021-09-25 19:38:25.864 DEBUG http-nio-9000-exec-3 [com.xdemo.auth.Repository.DemoAuthUserMapper.selectByMap:?]-==> Parameters: test123(String)
2021-09-25 19:38:25.882 DEBUG http-nio-9000-exec-3 [com.xdemo.auth.Repository.DemoAuthUserMapper.selectByMap:?]-<==      Total: 1
2021-09-25 19:38:25.883 INFO  http-nio-9000-exec-3 [com.xdemo.auth.Service.impl.LoginInServiceImpl:?]-用户存在，开始验证密码
2021-09-25 19:38:25.883 INFO  http-nio-9000-exec-3 [com.xdemo.auth.Service.impl.LoginInServiceImpl:?]-密码验证通过
2021-09-25 19:38:25.914 INFO  http-nio-9000-exec-3 [com.xdemo.auth.Service.impl.LoginInServiceImpl:?]-插入用户缓存 >> eyJUeXBlIjoiSnd0IiwidHlwIjoiSldUIiwiYWxnIjoiSFMyNTYifQ.eyJleHAiOjE2MzI1NzA4MDUsInVzZXJJZCI6MTIwLCJpYXQiOjE2MzI1Njk5MDUsInVzZXJuYW1lIjoidGVzdDEyMyJ9.o15GtJAs8MI98mKHoHwcK3PSlUArDhqQ6nh8IRelybg
2021-09-25 19:38:25.915 DEBUG http-nio-9000-exec-3 [com.xdemo.auth.Repository.DemoAuthTokenMapper.insert:?]-==>  Preparing: INSERT INTO demo_auth_token ( user_id, token, status, created_at, updated_at ) VALUES ( ?, ?, ?, ?, ? )
2021-09-25 19:38:25.916 DEBUG http-nio-9000-exec-3 [com.xdemo.auth.Repository.DemoAuthTokenMapper.insert:?]-==> Parameters: 120(Integer), eyJUeXBlIjoiSnd0IiwidHlwIjoiSldUIiwiYWxnIjoiSFMyNTYifQ.eyJleHAiOjE2MzI1NzA4MDUsInVzZXJJZCI6MTIwLCJpYXQiOjE2MzI1Njk5MDUsInVzZXJuYW1lIjoidGVzdDEyMyJ9.o15GtJAs8MI98mKHoHwcK3PSlUArDhqQ6nh8IRelybg(String), 10(Integer), 2021-09-25 19:38:25.915(Timestamp), 2021-09-25 19:38:25.915(Timestamp)
2021-09-25 19:38:25.950 DEBUG http-nio-9000-exec-3 [com.xdemo.auth.Repository.DemoAuthTokenMapper.insert:?]-<==    Updates: 1
2021-09-25 19:38:25.951 INFO  http-nio-9000-exec-3 [com.xdemo.auth.Service.impl.LoginInServiceImpl:?]-登录成功，并储存token成功
2021-09-25 19:38:56.301 INFO  http-nio-9000-exec-2 [com.xdemo.auth.Controller.LoginController:?]-用户登录，test
2021-09-25 19:38:56.301 INFO  http-nio-9000-exec-2 [com.xdemo.auth.Service.impl.LoginInServiceImpl:?]-判断用户是否存在
2021-09-25 19:38:56.322 DEBUG http-nio-9000-exec-2 [com.xdemo.auth.Repository.DemoAuthUserMapper.selectByMap:?]-==>  Preparing: SELECT id,username,password,is_superuser,first_name,last_name,email,phone,is_active FROM demo_auth_user WHERE username = ?
2021-09-25 19:38:56.322 DEBUG http-nio-9000-exec-2 [com.xdemo.auth.Repository.DemoAuthUserMapper.selectByMap:?]-==> Parameters: test(String)
2021-09-25 19:38:56.360 DEBUG http-nio-9000-exec-2 [com.xdemo.auth.Repository.DemoAuthUserMapper.selectByMap:?]-<==      Total: 1
2021-09-25 19:38:56.360 INFO  http-nio-9000-exec-2 [com.xdemo.auth.Service.impl.LoginInServiceImpl:?]-用户存在，开始验证密码
2021-09-25 19:42:29.533 INFO  http-nio-9000-exec-8 [com.xdemo.auth.Controller.LoginController:?]-用户登录，test
2021-09-25 19:42:29.533 INFO  http-nio-9000-exec-8 [com.xdemo.auth.Service.impl.LoginInServiceImpl:?]-判断用户是否存在
2021-09-25 19:42:29.568 DEBUG http-nio-9000-exec-8 [com.xdemo.auth.Repository.DemoAuthUserMapper.selectByMap:?]-==>  Preparing: SELECT id,username,password,is_superuser,first_name,last_name,email,phone,is_active FROM demo_auth_user WHERE username = ?
2021-09-25 19:42:29.569 DEBUG http-nio-9000-exec-8 [com.xdemo.auth.Repository.DemoAuthUserMapper.selectByMap:?]-==> Parameters: test(String)
2021-09-25 19:42:29.583 DEBUG http-nio-9000-exec-8 [com.xdemo.auth.Repository.DemoAuthUserMapper.selectByMap:?]-<==      Total: 1
2021-09-25 19:42:29.584 INFO  http-nio-9000-exec-8 [com.xdemo.auth.Service.impl.LoginInServiceImpl:?]-用户存在，开始验证密码
2021-09-25 19:42:40.474 INFO  http-nio-9000-exec-9 [com.xdemo.auth.Controller.LoginController:?]-用户登录，test123
2021-09-25 19:42:40.475 INFO  http-nio-9000-exec-9 [com.xdemo.auth.Service.impl.LoginInServiceImpl:?]-判断用户是否存在
2021-09-25 19:42:40.492 DEBUG http-nio-9000-exec-9 [com.xdemo.auth.Repository.DemoAuthUserMapper.selectByMap:?]-==>  Preparing: SELECT id,username,password,is_superuser,first_name,last_name,email,phone,is_active FROM demo_auth_user WHERE username = ?
2021-09-25 19:42:40.493 DEBUG http-nio-9000-exec-9 [com.xdemo.auth.Repository.DemoAuthUserMapper.selectByMap:?]-==> Parameters: test123(String)
2021-09-25 19:42:40.507 DEBUG http-nio-9000-exec-9 [com.xdemo.auth.Repository.DemoAuthUserMapper.selectByMap:?]-<==      Total: 1
2021-09-25 19:42:40.508 INFO  http-nio-9000-exec-9 [com.xdemo.auth.Service.impl.LoginInServiceImpl:?]-用户存在，开始验证密码
2021-09-25 19:42:40.508 INFO  http-nio-9000-exec-9 [com.xdemo.auth.Service.impl.LoginInServiceImpl:?]-密码验证通过
2021-09-25 19:42:40.529 INFO  http-nio-9000-exec-9 [com.xdemo.auth.Service.impl.LoginInServiceImpl:?]-插入用户缓存 >> eyJUeXBlIjoiSnd0IiwidHlwIjoiSldUIiwiYWxnIjoiSFMyNTYifQ.eyJleHAiOjE2MzI1NzEwNjAsInVzZXJJZCI6MTIwLCJpYXQiOjE2MzI1NzAxNjAsInVzZXJuYW1lIjoidGVzdDEyMyJ9.2rggu52dldZso4Dxgz1qhSTmmLiERAxc1BzUXyWc3kk
2021-09-25 19:42:40.530 DEBUG http-nio-9000-exec-9 [com.xdemo.auth.Repository.DemoAuthTokenMapper.insert:?]-==>  Preparing: INSERT INTO demo_auth_token ( user_id, token, status, created_at, updated_at ) VALUES ( ?, ?, ?, ?, ? )
2021-09-25 19:42:40.532 DEBUG http-nio-9000-exec-9 [com.xdemo.auth.Repository.DemoAuthTokenMapper.insert:?]-==> Parameters: 120(Integer), eyJUeXBlIjoiSnd0IiwidHlwIjoiSldUIiwiYWxnIjoiSFMyNTYifQ.eyJleHAiOjE2MzI1NzEwNjAsInVzZXJJZCI6MTIwLCJpYXQiOjE2MzI1NzAxNjAsInVzZXJuYW1lIjoidGVzdDEyMyJ9.2rggu52dldZso4Dxgz1qhSTmmLiERAxc1BzUXyWc3kk(String), 10(Integer), 2021-09-25 19:42:40.529(Timestamp), 2021-09-25 19:42:40.529(Timestamp)
2021-09-25 19:42:40.615 DEBUG http-nio-9000-exec-9 [com.xdemo.auth.Repository.DemoAuthTokenMapper.insert:?]-<==    Updates: 1
2021-09-25 19:42:40.615 INFO  http-nio-9000-exec-9 [com.xdemo.auth.Service.impl.LoginInServiceImpl:?]-登录成功，并储存token成功
2021-09-25 19:44:24.115 INFO  http-nio-9000-exec-1 [com.xdemo.auth.Controller.LoginController:?]-用户登录，test123
2021-09-25 19:44:24.115 INFO  http-nio-9000-exec-1 [com.xdemo.auth.Service.impl.LoginInServiceImpl:?]-判断用户是否存在
2021-09-25 19:44:24.132 DEBUG http-nio-9000-exec-1 [com.xdemo.auth.Repository.DemoAuthUserMapper.selectByMap:?]-==>  Preparing: SELECT id,username,password,is_superuser,first_name,last_name,email,phone,is_active FROM demo_auth_user WHERE username = ?
2021-09-25 19:44:24.133 DEBUG http-nio-9000-exec-1 [com.xdemo.auth.Repository.DemoAuthUserMapper.selectByMap:?]-==> Parameters: test123(String)
2021-09-25 19:44:24.149 DEBUG http-nio-9000-exec-1 [com.xdemo.auth.Repository.DemoAuthUserMapper.selectByMap:?]-<==      Total: 1
2021-09-25 19:44:24.150 INFO  http-nio-9000-exec-1 [com.xdemo.auth.Service.impl.LoginInServiceImpl:?]-用户存在，开始验证密码
2021-09-25 19:44:24.150 INFO  http-nio-9000-exec-1 [com.xdemo.auth.Service.impl.LoginInServiceImpl:?]-密码验证通过
2021-09-25 19:44:24.165 INFO  http-nio-9000-exec-1 [com.xdemo.auth.Service.impl.LoginInServiceImpl:?]-插入用户缓存 >> eyJUeXBlIjoiSnd0IiwidHlwIjoiSldUIiwiYWxnIjoiSFMyNTYifQ.eyJleHAiOjE2MzI1NzExNjQsInVzZXJJZCI6MTIwLCJpYXQiOjE2MzI1NzAyNjQsInVzZXJuYW1lIjoidGVzdDEyMyJ9.IuCoCOgtXIvgGUwbb77m0UkRwxNNWoCxyMm409BN6mg
2021-09-25 19:44:24.165 DEBUG http-nio-9000-exec-1 [com.xdemo.auth.Repository.DemoAuthTokenMapper.insert:?]-==>  Preparing: INSERT INTO demo_auth_token ( user_id, token, status, created_at, updated_at ) VALUES ( ?, ?, ?, ?, ? )
2021-09-25 19:44:24.166 DEBUG http-nio-9000-exec-1 [com.xdemo.auth.Repository.DemoAuthTokenMapper.insert:?]-==> Parameters: 120(Integer), eyJUeXBlIjoiSnd0IiwidHlwIjoiSldUIiwiYWxnIjoiSFMyNTYifQ.eyJleHAiOjE2MzI1NzExNjQsInVzZXJJZCI6MTIwLCJpYXQiOjE2MzI1NzAyNjQsInVzZXJuYW1lIjoidGVzdDEyMyJ9.IuCoCOgtXIvgGUwbb77m0UkRwxNNWoCxyMm409BN6mg(String), 10(Integer), 2021-09-25 19:44:24.165(Timestamp), 2021-09-25 19:44:24.165(Timestamp)
2021-09-25 19:44:24.223 DEBUG http-nio-9000-exec-1 [com.xdemo.auth.Repository.DemoAuthTokenMapper.insert:?]-<==    Updates: 1
2021-09-25 19:44:24.224 INFO  http-nio-9000-exec-1 [com.xdemo.auth.Service.impl.LoginInServiceImpl:?]-登录成功，并储存token成功
2021-09-25 19:45:39.373 INFO  http-nio-9000-exec-2 [com.xdemo.auth.Service.impl.TokenCheckServiceImpl:?]-验证token
2021-09-25 19:45:39.403 INFO  http-nio-9000-exec-2 [com.xdemo.auth.Service.impl.TokenCheckServiceImpl:?]-token未过期
2021-09-25 19:45:39.403 INFO  http-nio-9000-exec-2 [com.xdemo.auth.Service.impl.TokenCheckServiceImpl:?]-获取已存入的token对象
2021-09-25 19:45:39.419 DEBUG http-nio-9000-exec-2 [com.xdemo.auth.Repository.DemoAuthTokenMapper.checkUserByToken:?]-==>  Preparing: select * from demo_auth_token where token = ?;
2021-09-25 19:45:39.421 DEBUG http-nio-9000-exec-2 [com.xdemo.auth.Repository.DemoAuthTokenMapper.checkUserByToken:?]-==> Parameters: eyJUeXBlIjoiSnd0IiwidHlwIjoiSldUIiwiYWxnIjoiSFMyNTYifQ.eyJleHAiOjE2MzI1NzA3OTUsInVzZXJJZCI6MTIwLCJpYXQiOjE2MzI1Njk4OTUsInVzZXJuYW1lIjoidGVzdDEyMyJ9.cjcCdxCYFSZfHJQOpUr53JjH4hQmMVQRQwdFBpFA404(String)
2021-09-25 19:45:39.465 DEBUG http-nio-9000-exec-2 [com.xdemo.auth.Repository.DemoAuthTokenMapper.checkUserByToken:?]-<==      Total: 1
2021-09-25 19:45:39.466 INFO  http-nio-9000-exec-2 [com.xdemo.auth.Service.impl.TokenCheckServiceImpl:?]-token状态正常，获取用户信息
2021-09-25 19:45:39.467 DEBUG http-nio-9000-exec-2 [com.xdemo.auth.Repository.DemoAuthUserMapper.selectById:?]-==>  Preparing: SELECT id,username,password,is_superuser,first_name,last_name,email,phone,is_active FROM demo_auth_user WHERE id=?
2021-09-25 19:45:39.467 DEBUG http-nio-9000-exec-2 [com.xdemo.auth.Repository.DemoAuthUserMapper.selectById:?]-==> Parameters: 120(Integer)
2021-09-25 19:45:39.483 DEBUG http-nio-9000-exec-2 [com.xdemo.auth.Repository.DemoAuthUserMapper.selectById:?]-<==      Total: 1
2021-09-25 19:45:39.484 INFO  http-nio-9000-exec-2 [com.xdemo.auth.Service.impl.TokenCheckServiceImpl:?]-token验证通过
2021-09-25 19:47:08.157 INFO  http-nio-9000-exec-5 [com.xdemo.auth.Controller.LoginController:?]-用户登录，test123
2021-09-25 19:47:08.157 INFO  http-nio-9000-exec-5 [com.xdemo.auth.Service.impl.LoginInServiceImpl:?]-判断用户是否存在
2021-09-25 19:47:08.193 DEBUG http-nio-9000-exec-5 [com.xdemo.auth.Repository.DemoAuthUserMapper.selectByMap:?]-==>  Preparing: SELECT id,username,password,is_superuser,first_name,last_name,email,phone,is_active FROM demo_auth_user WHERE username = ?
2021-09-25 19:47:08.193 DEBUG http-nio-9000-exec-5 [com.xdemo.auth.Repository.DemoAuthUserMapper.selectByMap:?]-==> Parameters: test123(String)
2021-09-25 19:47:08.210 DEBUG http-nio-9000-exec-5 [com.xdemo.auth.Repository.DemoAuthUserMapper.selectByMap:?]-<==      Total: 1
2021-09-25 19:47:08.210 INFO  http-nio-9000-exec-5 [com.xdemo.auth.Service.impl.LoginInServiceImpl:?]-用户存在，开始验证密码
2021-09-25 19:47:08.210 INFO  http-nio-9000-exec-5 [com.xdemo.auth.Service.impl.LoginInServiceImpl:?]-密码验证通过
2021-09-25 19:47:08.257 INFO  http-nio-9000-exec-5 [com.xdemo.auth.Service.impl.LoginInServiceImpl:?]-插入用户缓存 >> eyJUeXBlIjoiSnd0IiwidHlwIjoiSldUIiwiYWxnIjoiSFMyNTYifQ.eyJleHAiOjE2MzI1NzEzMjgsInVzZXJJZCI6MTIwLCJpYXQiOjE2MzI1NzA0MjgsInVzZXJuYW1lIjoidGVzdDEyMyJ9.do_242T9gRfmHBLxEf9shLqCjKSukf5fBrTxy5B2e98
2021-09-25 19:47:08.258 DEBUG http-nio-9000-exec-5 [com.xdemo.auth.Repository.DemoAuthTokenMapper.insert:?]-==>  Preparing: INSERT INTO demo_auth_token ( user_id, token, status, created_at, updated_at ) VALUES ( ?, ?, ?, ?, ? )
2021-09-25 19:47:08.261 DEBUG http-nio-9000-exec-5 [com.xdemo.auth.Repository.DemoAuthTokenMapper.insert:?]-==> Parameters: 120(Integer), eyJUeXBlIjoiSnd0IiwidHlwIjoiSldUIiwiYWxnIjoiSFMyNTYifQ.eyJleHAiOjE2MzI1NzEzMjgsInVzZXJJZCI6MTIwLCJpYXQiOjE2MzI1NzA0MjgsInVzZXJuYW1lIjoidGVzdDEyMyJ9.do_242T9gRfmHBLxEf9shLqCjKSukf5fBrTxy5B2e98(String), 10(Integer), 2021-09-25 19:47:08.257(Timestamp), 2021-09-25 19:47:08.257(Timestamp)
2021-09-25 19:47:08.320 DEBUG http-nio-9000-exec-5 [com.xdemo.auth.Repository.DemoAuthTokenMapper.insert:?]-<==    Updates: 1
2021-09-25 19:47:08.320 INFO  http-nio-9000-exec-5 [com.xdemo.auth.Service.impl.LoginInServiceImpl:?]-登录成功，并储存token成功
2021-09-25 19:47:08.329 WARN  http-nio-9000-exec-6 [org.springframework.web.servlet.mvc.support.DefaultHandlerExceptionResolver:?]-Resolved [org.springframework.web.bind.MissingRequestHeaderException: Missing request header 'X-Token' for method parameter of type String]
2021-09-25 19:48:06.889 INFO  http-nio-9000-exec-8 [com.xdemo.auth.Controller.LoginController:?]-用户登录，test123
2021-09-25 19:48:06.889 INFO  http-nio-9000-exec-8 [com.xdemo.auth.Service.impl.LoginInServiceImpl:?]-判断用户是否存在
2021-09-25 19:48:06.905 DEBUG http-nio-9000-exec-8 [com.xdemo.auth.Repository.DemoAuthUserMapper.selectByMap:?]-==>  Preparing: SELECT id,username,password,is_superuser,first_name,last_name,email,phone,is_active FROM demo_auth_user WHERE username = ?
2021-09-25 19:48:06.906 DEBUG http-nio-9000-exec-8 [com.xdemo.auth.Repository.DemoAuthUserMapper.selectByMap:?]-==> Parameters: test123(String)
2021-09-25 19:48:06.928 DEBUG http-nio-9000-exec-8 [com.xdemo.auth.Repository.DemoAuthUserMapper.selectByMap:?]-<==      Total: 1
2021-09-25 19:48:06.929 INFO  http-nio-9000-exec-8 [com.xdemo.auth.Service.impl.LoginInServiceImpl:?]-用户存在，开始验证密码
2021-09-25 19:48:06.929 INFO  http-nio-9000-exec-8 [com.xdemo.auth.Service.impl.LoginInServiceImpl:?]-密码验证通过
2021-09-25 19:48:06.946 INFO  http-nio-9000-exec-8 [com.xdemo.auth.Service.impl.LoginInServiceImpl:?]-插入用户缓存 >> eyJUeXBlIjoiSnd0IiwidHlwIjoiSldUIiwiYWxnIjoiSFMyNTYifQ.eyJleHAiOjE2MzI1NzEzODYsInVzZXJJZCI6MTIwLCJpYXQiOjE2MzI1NzA0ODYsInVzZXJuYW1lIjoidGVzdDEyMyJ9.KjsnoTVkzQRF8OSi37Wp7BlIeJ82sqiVNBiXOOHdba4
2021-09-25 19:48:06.947 DEBUG http-nio-9000-exec-8 [com.xdemo.auth.Repository.DemoAuthTokenMapper.insert:?]-==>  Preparing: INSERT INTO demo_auth_token ( user_id, token, status, created_at, updated_at ) VALUES ( ?, ?, ?, ?, ? )
2021-09-25 19:48:06.948 DEBUG http-nio-9000-exec-8 [com.xdemo.auth.Repository.DemoAuthTokenMapper.insert:?]-==> Parameters: 120(Integer), eyJUeXBlIjoiSnd0IiwidHlwIjoiSldUIiwiYWxnIjoiSFMyNTYifQ.eyJleHAiOjE2MzI1NzEzODYsInVzZXJJZCI6MTIwLCJpYXQiOjE2MzI1NzA0ODYsInVzZXJuYW1lIjoidGVzdDEyMyJ9.KjsnoTVkzQRF8OSi37Wp7BlIeJ82sqiVNBiXOOHdba4(String), 10(Integer), 2021-09-25 19:48:06.946(Timestamp), 2021-09-25 19:48:06.946(Timestamp)
2021-09-25 19:48:07.000 DEBUG http-nio-9000-exec-8 [com.xdemo.auth.Repository.DemoAuthTokenMapper.insert:?]-<==    Updates: 1
2021-09-25 19:48:07.001 INFO  http-nio-9000-exec-8 [com.xdemo.auth.Service.impl.LoginInServiceImpl:?]-登录成功，并储存token成功
2021-09-25 19:48:07.006 WARN  http-nio-9000-exec-7 [org.springframework.web.servlet.mvc.support.DefaultHandlerExceptionResolver:?]-Resolved [org.springframework.web.bind.MissingRequestHeaderException: Missing request header 'X-Token' for method parameter of type String]
2021-09-25 19:49:12.203 INFO  http-nio-9000-exec-9 [com.xdemo.auth.Controller.LoginController:?]-用户登录，test123
2021-09-25 19:49:12.203 INFO  http-nio-9000-exec-9 [com.xdemo.auth.Service.impl.LoginInServiceImpl:?]-判断用户是否存在
2021-09-25 19:49:12.226 DEBUG http-nio-9000-exec-9 [com.xdemo.auth.Repository.DemoAuthUserMapper.selectByMap:?]-==>  Preparing: SELECT id,username,password,is_superuser,first_name,last_name,email,phone,is_active FROM demo_auth_user WHERE username = ?
2021-09-25 19:49:12.227 DEBUG http-nio-9000-exec-9 [com.xdemo.auth.Repository.DemoAuthUserMapper.selectByMap:?]-==> Parameters: test123(String)
2021-09-25 19:49:12.255 DEBUG http-nio-9000-exec-9 [com.xdemo.auth.Repository.DemoAuthUserMapper.selectByMap:?]-<==      Total: 1
2021-09-25 19:49:12.256 INFO  http-nio-9000-exec-9 [com.xdemo.auth.Service.impl.LoginInServiceImpl:?]-用户存在，开始验证密码
2021-09-25 19:49:12.256 INFO  http-nio-9000-exec-9 [com.xdemo.auth.Service.impl.LoginInServiceImpl:?]-密码验证通过
2021-09-25 19:49:12.297 INFO  http-nio-9000-exec-9 [com.xdemo.auth.Service.impl.LoginInServiceImpl:?]-插入用户缓存 >> eyJUeXBlIjoiSnd0IiwidHlwIjoiSldUIiwiYWxnIjoiSFMyNTYifQ.eyJleHAiOjE2MzI1NzE0NTIsInVzZXJJZCI6MTIwLCJpYXQiOjE2MzI1NzA1NTIsInVzZXJuYW1lIjoidGVzdDEyMyJ9.CTEG-rhuiQJoF2RHRkedF5MPTLh1kCKjPX-WMXL4eK4
2021-09-25 19:49:12.298 DEBUG http-nio-9000-exec-9 [com.xdemo.auth.Repository.DemoAuthTokenMapper.insert:?]-==>  Preparing: INSERT INTO demo_auth_token ( user_id, token, status, created_at, updated_at ) VALUES ( ?, ?, ?, ?, ? )
2021-09-25 19:49:12.299 DEBUG http-nio-9000-exec-9 [com.xdemo.auth.Repository.DemoAuthTokenMapper.insert:?]-==> Parameters: 120(Integer), eyJUeXBlIjoiSnd0IiwidHlwIjoiSldUIiwiYWxnIjoiSFMyNTYifQ.eyJleHAiOjE2MzI1NzE0NTIsInVzZXJJZCI6MTIwLCJpYXQiOjE2MzI1NzA1NTIsInVzZXJuYW1lIjoidGVzdDEyMyJ9.CTEG-rhuiQJoF2RHRkedF5MPTLh1kCKjPX-WMXL4eK4(String), 10(Integer), 2021-09-25 19:49:12.297(Timestamp), 2021-09-25 19:49:12.297(Timestamp)
2021-09-25 19:49:12.363 DEBUG http-nio-9000-exec-9 [com.xdemo.auth.Repository.DemoAuthTokenMapper.insert:?]-<==    Updates: 1
2021-09-25 19:49:12.364 INFO  http-nio-9000-exec-9 [com.xdemo.auth.Service.impl.LoginInServiceImpl:?]-登录成功，并储存token成功
2021-09-25 19:49:12.368 WARN  http-nio-9000-exec-10 [org.springframework.web.servlet.mvc.support.DefaultHandlerExceptionResolver:?]-Resolved [org.springframework.web.bind.MissingRequestHeaderException: Missing request header 'X-Token' for method parameter of type String]
2021-09-25 19:51:41.352 INFO  http-nio-9000-exec-1 [com.xdemo.auth.Controller.LoginController:?]-用户登录，test123
2021-09-25 19:51:41.352 INFO  http-nio-9000-exec-1 [com.xdemo.auth.Service.impl.LoginInServiceImpl:?]-判断用户是否存在
2021-09-25 19:51:41.375 DEBUG http-nio-9000-exec-1 [com.xdemo.auth.Repository.DemoAuthUserMapper.selectByMap:?]-==>  Preparing: SELECT id,username,password,is_superuser,first_name,last_name,email,phone,is_active FROM demo_auth_user WHERE username = ?
2021-09-25 19:51:41.375 DEBUG http-nio-9000-exec-1 [com.xdemo.auth.Repository.DemoAuthUserMapper.selectByMap:?]-==> Parameters: test123(String)
2021-09-25 19:51:41.394 DEBUG http-nio-9000-exec-1 [com.xdemo.auth.Repository.DemoAuthUserMapper.selectByMap:?]-<==      Total: 1
2021-09-25 19:51:41.395 INFO  http-nio-9000-exec-1 [com.xdemo.auth.Service.impl.LoginInServiceImpl:?]-用户存在，开始验证密码
2021-09-25 19:51:41.395 INFO  http-nio-9000-exec-1 [com.xdemo.auth.Service.impl.LoginInServiceImpl:?]-密码验证通过
2021-09-25 19:51:41.437 INFO  http-nio-9000-exec-1 [com.xdemo.auth.Service.impl.LoginInServiceImpl:?]-插入用户缓存 >> eyJUeXBlIjoiSnd0IiwidHlwIjoiSldUIiwiYWxnIjoiSFMyNTYifQ.eyJleHAiOjE2MzI1NzE2MDEsInVzZXJJZCI6MTIwLCJpYXQiOjE2MzI1NzA3MDEsInVzZXJuYW1lIjoidGVzdDEyMyJ9.NdYGwAiOXKLlQ9Xma9zJwN8BAbLVl7wkUAUO2iUTMng
2021-09-25 19:51:41.438 DEBUG http-nio-9000-exec-1 [com.xdemo.auth.Repository.DemoAuthTokenMapper.insert:?]-==>  Preparing: INSERT INTO demo_auth_token ( user_id, token, status, created_at, updated_at ) VALUES ( ?, ?, ?, ?, ? )
2021-09-25 19:51:41.440 DEBUG http-nio-9000-exec-1 [com.xdemo.auth.Repository.DemoAuthTokenMapper.insert:?]-==> Parameters: 120(Integer), eyJUeXBlIjoiSnd0IiwidHlwIjoiSldUIiwiYWxnIjoiSFMyNTYifQ.eyJleHAiOjE2MzI1NzE2MDEsInVzZXJJZCI6MTIwLCJpYXQiOjE2MzI1NzA3MDEsInVzZXJuYW1lIjoidGVzdDEyMyJ9.NdYGwAiOXKLlQ9Xma9zJwN8BAbLVl7wkUAUO2iUTMng(String), 10(Integer), 2021-09-25 19:51:41.437(Timestamp), 2021-09-25 19:51:41.437(Timestamp)
2021-09-25 19:51:41.474 DEBUG http-nio-9000-exec-1 [com.xdemo.auth.Repository.DemoAuthTokenMapper.insert:?]-<==    Updates: 1
2021-09-25 19:51:41.474 INFO  http-nio-9000-exec-1 [com.xdemo.auth.Service.impl.LoginInServiceImpl:?]-登录成功，并储存token成功
2021-09-25 19:51:56.862 INFO  http-nio-9000-exec-2 [com.xdemo.auth.Controller.LoginController:?]-用户登录，test123
2021-09-25 19:51:56.862 INFO  http-nio-9000-exec-2 [com.xdemo.auth.Service.impl.LoginInServiceImpl:?]-判断用户是否存在
2021-09-25 19:51:56.885 DEBUG http-nio-9000-exec-2 [com.xdemo.auth.Repository.DemoAuthUserMapper.selectByMap:?]-==>  Preparing: SELECT id,username,password,is_superuser,first_name,last_name,email,phone,is_active FROM demo_auth_user WHERE username = ?
2021-09-25 19:51:56.886 DEBUG http-nio-9000-exec-2 [com.xdemo.auth.Repository.DemoAuthUserMapper.selectByMap:?]-==> Parameters: test123(String)
2021-09-25 19:51:56.902 DEBUG http-nio-9000-exec-2 [com.xdemo.auth.Repository.DemoAuthUserMapper.selectByMap:?]-<==      Total: 1
2021-09-25 19:51:56.902 INFO  http-nio-9000-exec-2 [com.xdemo.auth.Service.impl.LoginInServiceImpl:?]-用户存在，开始验证密码
2021-09-25 19:51:56.902 INFO  http-nio-9000-exec-2 [com.xdemo.auth.Service.impl.LoginInServiceImpl:?]-密码验证通过
2021-09-25 19:51:56.945 INFO  http-nio-9000-exec-2 [com.xdemo.auth.Service.impl.LoginInServiceImpl:?]-插入用户缓存 >> eyJUeXBlIjoiSnd0IiwidHlwIjoiSldUIiwiYWxnIjoiSFMyNTYifQ.eyJleHAiOjE2MzI1NzE2MTYsInVzZXJJZCI6MTIwLCJpYXQiOjE2MzI1NzA3MTYsInVzZXJuYW1lIjoidGVzdDEyMyJ9.oPToHsJwSMgUWhZs56-KkI5RRNW6leRwRh9bKz-mA54
2021-09-25 19:51:56.946 DEBUG http-nio-9000-exec-2 [com.xdemo.auth.Repository.DemoAuthTokenMapper.insert:?]-==>  Preparing: INSERT INTO demo_auth_token ( user_id, token, status, created_at, updated_at ) VALUES ( ?, ?, ?, ?, ? )
2021-09-25 19:51:56.947 DEBUG http-nio-9000-exec-2 [com.xdemo.auth.Repository.DemoAuthTokenMapper.insert:?]-==> Parameters: 120(Integer), eyJUeXBlIjoiSnd0IiwidHlwIjoiSldUIiwiYWxnIjoiSFMyNTYifQ.eyJleHAiOjE2MzI1NzE2MTYsInVzZXJJZCI6MTIwLCJpYXQiOjE2MzI1NzA3MTYsInVzZXJuYW1lIjoidGVzdDEyMyJ9.oPToHsJwSMgUWhZs56-KkI5RRNW6leRwRh9bKz-mA54(String), 10(Integer), 2021-09-25 19:51:56.945(Timestamp), 2021-09-25 19:51:56.945(Timestamp)
2021-09-25 19:51:56.981 DEBUG http-nio-9000-exec-2 [com.xdemo.auth.Repository.DemoAuthTokenMapper.insert:?]-<==    Updates: 1
2021-09-25 19:51:56.981 INFO  http-nio-9000-exec-2 [com.xdemo.auth.Service.impl.LoginInServiceImpl:?]-登录成功，并储存token成功
2021-09-25 19:51:56.986 WARN  http-nio-9000-exec-4 [org.springframework.web.servlet.mvc.support.DefaultHandlerExceptionResolver:?]-Resolved [org.springframework.web.bind.MissingRequestHeaderException: Missing request header 'X-Token' for method parameter of type String]
2021-09-25 19:52:51.755 INFO  http-nio-9000-exec-5 [com.xdemo.auth.Controller.LoginController:?]-用户登录，test123
2021-09-25 19:52:51.755 INFO  http-nio-9000-exec-5 [com.xdemo.auth.Service.impl.LoginInServiceImpl:?]-判断用户是否存在
2021-09-25 19:52:51.779 DEBUG http-nio-9000-exec-5 [com.xdemo.auth.Repository.DemoAuthUserMapper.selectByMap:?]-==>  Preparing: SELECT id,username,password,is_superuser,first_name,last_name,email,phone,is_active FROM demo_auth_user WHERE username = ?
2021-09-25 19:52:51.779 DEBUG http-nio-9000-exec-5 [com.xdemo.auth.Repository.DemoAuthUserMapper.selectByMap:?]-==> Parameters: test123(String)
2021-09-25 19:52:51.806 DEBUG http-nio-9000-exec-5 [com.xdemo.auth.Repository.DemoAuthUserMapper.selectByMap:?]-<==      Total: 1
2021-09-25 19:52:51.806 INFO  http-nio-9000-exec-5 [com.xdemo.auth.Service.impl.LoginInServiceImpl:?]-用户存在，开始验证密码
2021-09-25 19:52:51.806 INFO  http-nio-9000-exec-5 [com.xdemo.auth.Service.impl.LoginInServiceImpl:?]-密码验证通过
2021-09-25 19:52:51.820 INFO  http-nio-9000-exec-5 [com.xdemo.auth.Service.impl.LoginInServiceImpl:?]-插入用户缓存 >> eyJUeXBlIjoiSnd0IiwidHlwIjoiSldUIiwiYWxnIjoiSFMyNTYifQ.eyJleHAiOjE2MzI1NzE2NzEsInVzZXJJZCI6MTIwLCJpYXQiOjE2MzI1NzA3NzEsInVzZXJuYW1lIjoidGVzdDEyMyJ9.yC_o5ZMHra2Ll6spBQ6M0U8yMY3U6jyX7Jq-DJIt5cQ
2021-09-25 19:52:51.821 DEBUG http-nio-9000-exec-5 [com.xdemo.auth.Repository.DemoAuthTokenMapper.insert:?]-==>  Preparing: INSERT INTO demo_auth_token ( user_id, token, status, created_at, updated_at ) VALUES ( ?, ?, ?, ?, ? )
2021-09-25 19:52:51.821 DEBUG http-nio-9000-exec-5 [com.xdemo.auth.Repository.DemoAuthTokenMapper.insert:?]-==> Parameters: 120(Integer), eyJUeXBlIjoiSnd0IiwidHlwIjoiSldUIiwiYWxnIjoiSFMyNTYifQ.eyJleHAiOjE2MzI1NzE2NzEsInVzZXJJZCI6MTIwLCJpYXQiOjE2MzI1NzA3NzEsInVzZXJuYW1lIjoidGVzdDEyMyJ9.yC_o5ZMHra2Ll6spBQ6M0U8yMY3U6jyX7Jq-DJIt5cQ(String), 10(Integer), 2021-09-25 19:52:51.82(Timestamp), 2021-09-25 19:52:51.82(Timestamp)
2021-09-25 19:52:51.877 DEBUG http-nio-9000-exec-5 [com.xdemo.auth.Repository.DemoAuthTokenMapper.insert:?]-<==    Updates: 1
2021-09-25 19:52:51.877 INFO  http-nio-9000-exec-5 [com.xdemo.auth.Service.impl.LoginInServiceImpl:?]-登录成功，并储存token成功
2021-09-25 19:53:14.555 INFO  http-nio-9000-exec-8 [com.xdemo.auth.Controller.LoginController:?]-用户登录，test123
2021-09-25 19:53:14.555 INFO  http-nio-9000-exec-8 [com.xdemo.auth.Service.impl.LoginInServiceImpl:?]-判断用户是否存在
2021-09-25 19:53:14.574 DEBUG http-nio-9000-exec-8 [com.xdemo.auth.Repository.DemoAuthUserMapper.selectByMap:?]-==>  Preparing: SELECT id,username,password,is_superuser,first_name,last_name,email,phone,is_active FROM demo_auth_user WHERE username = ?
2021-09-25 19:53:14.574 DEBUG http-nio-9000-exec-8 [com.xdemo.auth.Repository.DemoAuthUserMapper.selectByMap:?]-==> Parameters: test123(String)
2021-09-25 19:53:14.591 DEBUG http-nio-9000-exec-8 [com.xdemo.auth.Repository.DemoAuthUserMapper.selectByMap:?]-<==      Total: 1
2021-09-25 19:53:14.591 INFO  http-nio-9000-exec-8 [com.xdemo.auth.Service.impl.LoginInServiceImpl:?]-用户存在，开始验证密码
2021-09-25 19:53:14.591 INFO  http-nio-9000-exec-8 [com.xdemo.auth.Service.impl.LoginInServiceImpl:?]-密码验证通过
2021-09-25 19:53:14.633 INFO  http-nio-9000-exec-8 [com.xdemo.auth.Service.impl.LoginInServiceImpl:?]-插入用户缓存 >> eyJUeXBlIjoiSnd0IiwidHlwIjoiSldUIiwiYWxnIjoiSFMyNTYifQ.eyJleHAiOjE2MzI1NzE2OTQsInVzZXJJZCI6MTIwLCJpYXQiOjE2MzI1NzA3OTQsInVzZXJuYW1lIjoidGVzdDEyMyJ9.QCIBnXfC6ZIXcLnnVU07sTS3EFZoJrfWm0DCVC9XuE4
2021-09-25 19:53:14.634 DEBUG http-nio-9000-exec-8 [com.xdemo.auth.Repository.DemoAuthTokenMapper.insert:?]-==>  Preparing: INSERT INTO demo_auth_token ( user_id, token, status, created_at, updated_at ) VALUES ( ?, ?, ?, ?, ? )
2021-09-25 19:53:14.635 DEBUG http-nio-9000-exec-8 [com.xdemo.auth.Repository.DemoAuthTokenMapper.insert:?]-==> Parameters: 120(Integer), eyJUeXBlIjoiSnd0IiwidHlwIjoiSldUIiwiYWxnIjoiSFMyNTYifQ.eyJleHAiOjE2MzI1NzE2OTQsInVzZXJJZCI6MTIwLCJpYXQiOjE2MzI1NzA3OTQsInVzZXJuYW1lIjoidGVzdDEyMyJ9.QCIBnXfC6ZIXcLnnVU07sTS3EFZoJrfWm0DCVC9XuE4(String), 10(Integer), 2021-09-25 19:53:14.633(Timestamp), 2021-09-25 19:53:14.633(Timestamp)
2021-09-25 19:53:14.682 DEBUG http-nio-9000-exec-8 [com.xdemo.auth.Repository.DemoAuthTokenMapper.insert:?]-<==    Updates: 1
2021-09-25 19:53:14.683 INFO  http-nio-9000-exec-8 [com.xdemo.auth.Service.impl.LoginInServiceImpl:?]-登录成功，并储存token成功
2021-09-25 19:53:14.686 WARN  http-nio-9000-exec-7 [org.springframework.web.servlet.mvc.support.DefaultHandlerExceptionResolver:?]-Resolved [org.springframework.web.bind.MissingRequestHeaderException: Missing request header 'X-Token' for method parameter of type String]
2021-09-25 19:53:41.470 INFO  http-nio-9000-exec-9 [com.xdemo.auth.Controller.LoginController:?]-用户登录，test123
2021-09-25 19:53:41.470 INFO  http-nio-9000-exec-9 [com.xdemo.auth.Service.impl.LoginInServiceImpl:?]-判断用户是否存在
2021-09-25 19:53:41.495 DEBUG http-nio-9000-exec-9 [com.xdemo.auth.Repository.DemoAuthUserMapper.selectByMap:?]-==>  Preparing: SELECT id,username,password,is_superuser,first_name,last_name,email,phone,is_active FROM demo_auth_user WHERE username = ?
2021-09-25 19:53:41.496 DEBUG http-nio-9000-exec-9 [com.xdemo.auth.Repository.DemoAuthUserMapper.selectByMap:?]-==> Parameters: test123(String)
2021-09-25 19:53:41.553 DEBUG http-nio-9000-exec-9 [com.xdemo.auth.Repository.DemoAuthUserMapper.selectByMap:?]-<==      Total: 1
2021-09-25 19:53:41.553 INFO  http-nio-9000-exec-9 [com.xdemo.auth.Service.impl.LoginInServiceImpl:?]-用户存在，开始验证密码
2021-09-25 19:53:41.553 INFO  http-nio-9000-exec-9 [com.xdemo.auth.Service.impl.LoginInServiceImpl:?]-密码验证通过
2021-09-25 19:53:41.567 INFO  http-nio-9000-exec-9 [com.xdemo.auth.Service.impl.LoginInServiceImpl:?]-插入用户缓存 >> eyJUeXBlIjoiSnd0IiwidHlwIjoiSldUIiwiYWxnIjoiSFMyNTYifQ.eyJleHAiOjE2MzI1NzE3MjEsInVzZXJJZCI6MTIwLCJpYXQiOjE2MzI1NzA4MjEsInVzZXJuYW1lIjoidGVzdDEyMyJ9.EBthR9VV-FnuBARDjgn-LL6SySX3Qd21e3cROYeFyoE
2021-09-25 19:53:41.567 DEBUG http-nio-9000-exec-9 [com.xdemo.auth.Repository.DemoAuthTokenMapper.insert:?]-==>  Preparing: INSERT INTO demo_auth_token ( user_id, token, status, created_at, updated_at ) VALUES ( ?, ?, ?, ?, ? )
2021-09-25 19:53:41.568 DEBUG http-nio-9000-exec-9 [com.xdemo.auth.Repository.DemoAuthTokenMapper.insert:?]-==> Parameters: 120(Integer), eyJUeXBlIjoiSnd0IiwidHlwIjoiSldUIiwiYWxnIjoiSFMyNTYifQ.eyJleHAiOjE2MzI1NzE3MjEsInVzZXJJZCI6MTIwLCJpYXQiOjE2MzI1NzA4MjEsInVzZXJuYW1lIjoidGVzdDEyMyJ9.EBthR9VV-FnuBARDjgn-LL6SySX3Qd21e3cROYeFyoE(String), 10(Integer), 2021-09-25 19:53:41.567(Timestamp), 2021-09-25 19:53:41.567(Timestamp)
2021-09-25 19:53:41.626 DEBUG http-nio-9000-exec-9 [com.xdemo.auth.Repository.DemoAuthTokenMapper.insert:?]-<==    Updates: 1
2021-09-25 19:53:41.626 INFO  http-nio-9000-exec-9 [com.xdemo.auth.Service.impl.LoginInServiceImpl:?]-登录成功，并储存token成功
2021-09-25 19:54:31.742 INFO  http-nio-9000-exec-1 [com.xdemo.auth.Controller.LoginController:?]-用户登录，test123
2021-09-25 19:54:31.742 INFO  http-nio-9000-exec-1 [com.xdemo.auth.Service.impl.LoginInServiceImpl:?]-判断用户是否存在
2021-09-25 19:54:31.761 DEBUG http-nio-9000-exec-1 [com.xdemo.auth.Repository.DemoAuthUserMapper.selectByMap:?]-==>  Preparing: SELECT id,username,password,is_superuser,first_name,last_name,email,phone,is_active FROM demo_auth_user WHERE username = ?
2021-09-25 19:54:31.761 DEBUG http-nio-9000-exec-1 [com.xdemo.auth.Repository.DemoAuthUserMapper.selectByMap:?]-==> Parameters: test123(String)
2021-09-25 19:54:31.787 DEBUG http-nio-9000-exec-1 [com.xdemo.auth.Repository.DemoAuthUserMapper.selectByMap:?]-<==      Total: 1
2021-09-25 19:54:31.787 INFO  http-nio-9000-exec-1 [com.xdemo.auth.Service.impl.LoginInServiceImpl:?]-用户存在，开始验证密码
2021-09-25 19:54:31.788 INFO  http-nio-9000-exec-1 [com.xdemo.auth.Service.impl.LoginInServiceImpl:?]-密码验证通过
2021-09-25 19:54:31.810 INFO  http-nio-9000-exec-1 [com.xdemo.auth.Service.impl.LoginInServiceImpl:?]-插入用户缓存 >> eyJUeXBlIjoiSnd0IiwidHlwIjoiSldUIiwiYWxnIjoiSFMyNTYifQ.eyJleHAiOjE2MzI1NzE3NzEsInVzZXJJZCI6MTIwLCJpYXQiOjE2MzI1NzA4NzEsInVzZXJuYW1lIjoidGVzdDEyMyJ9.w2o-CzUfGv8MAJ4sxq1NsFvoeWR2xhpY3clAwUIHbRc
2021-09-25 19:54:31.811 DEBUG http-nio-9000-exec-1 [com.xdemo.auth.Repository.DemoAuthTokenMapper.insert:?]-==>  Preparing: INSERT INTO demo_auth_token ( user_id, token, status, created_at, updated_at ) VALUES ( ?, ?, ?, ?, ? )
2021-09-25 19:54:31.812 DEBUG http-nio-9000-exec-1 [com.xdemo.auth.Repository.DemoAuthTokenMapper.insert:?]-==> Parameters: 120(Integer), eyJUeXBlIjoiSnd0IiwidHlwIjoiSldUIiwiYWxnIjoiSFMyNTYifQ.eyJleHAiOjE2MzI1NzE3NzEsInVzZXJJZCI6MTIwLCJpYXQiOjE2MzI1NzA4NzEsInVzZXJuYW1lIjoidGVzdDEyMyJ9.w2o-CzUfGv8MAJ4sxq1NsFvoeWR2xhpY3clAwUIHbRc(String), 10(Integer), 2021-09-25 19:54:31.81(Timestamp), 2021-09-25 19:54:31.81(Timestamp)
2021-09-25 19:54:31.865 DEBUG http-nio-9000-exec-1 [com.xdemo.auth.Repository.DemoAuthTokenMapper.insert:?]-<==    Updates: 1
2021-09-25 19:54:31.867 INFO  http-nio-9000-exec-1 [com.xdemo.auth.Service.impl.LoginInServiceImpl:?]-登录成功，并储存token成功
2021-09-25 19:54:31.872 WARN  http-nio-9000-exec-3 [org.springframework.web.servlet.mvc.support.DefaultHandlerExceptionResolver:?]-Resolved [org.springframework.web.bind.MissingRequestHeaderException: Missing request header 'X-Token' for method parameter of type String]
2021-09-25 19:55:26.904 INFO  http-nio-9000-exec-2 [com.xdemo.auth.Controller.LoginController:?]-用户登录，test123
2021-09-25 19:55:26.904 INFO  http-nio-9000-exec-2 [com.xdemo.auth.Service.impl.LoginInServiceImpl:?]-判断用户是否存在
2021-09-25 19:55:26.924 DEBUG http-nio-9000-exec-2 [com.xdemo.auth.Repository.DemoAuthUserMapper.selectByMap:?]-==>  Preparing: SELECT id,username,password,is_superuser,first_name,last_name,email,phone,is_active FROM demo_auth_user WHERE username = ?
2021-09-25 19:55:26.924 DEBUG http-nio-9000-exec-2 [com.xdemo.auth.Repository.DemoAuthUserMapper.selectByMap:?]-==> Parameters: test123(String)
2021-09-25 19:55:26.944 DEBUG http-nio-9000-exec-2 [com.xdemo.auth.Repository.DemoAuthUserMapper.selectByMap:?]-<==      Total: 1
2021-09-25 19:55:26.945 INFO  http-nio-9000-exec-2 [com.xdemo.auth.Service.impl.LoginInServiceImpl:?]-用户存在，开始验证密码
2021-09-25 19:55:26.945 INFO  http-nio-9000-exec-2 [com.xdemo.auth.Service.impl.LoginInServiceImpl:?]-密码验证通过
2021-09-25 19:55:26.971 INFO  http-nio-9000-exec-2 [com.xdemo.auth.Service.impl.LoginInServiceImpl:?]-插入用户缓存 >> eyJUeXBlIjoiSnd0IiwidHlwIjoiSldUIiwiYWxnIjoiSFMyNTYifQ.eyJleHAiOjE2MzI1NzE4MjYsInVzZXJJZCI6MTIwLCJpYXQiOjE2MzI1NzA5MjYsInVzZXJuYW1lIjoidGVzdDEyMyJ9.kdnRm2fmzyUYdR4ykOi6ITcdLd3PeZoHDQc7c6rySfo
2021-09-25 19:55:26.972 DEBUG http-nio-9000-exec-2 [com.xdemo.auth.Repository.DemoAuthTokenMapper.insert:?]-==>  Preparing: INSERT INTO demo_auth_token ( user_id, token, status, created_at, updated_at ) VALUES ( ?, ?, ?, ?, ? )
2021-09-25 19:55:26.972 DEBUG http-nio-9000-exec-2 [com.xdemo.auth.Repository.DemoAuthTokenMapper.insert:?]-==> Parameters: 120(Integer), eyJUeXBlIjoiSnd0IiwidHlwIjoiSldUIiwiYWxnIjoiSFMyNTYifQ.eyJleHAiOjE2MzI1NzE4MjYsInVzZXJJZCI6MTIwLCJpYXQiOjE2MzI1NzA5MjYsInVzZXJuYW1lIjoidGVzdDEyMyJ9.kdnRm2fmzyUYdR4ykOi6ITcdLd3PeZoHDQc7c6rySfo(String), 10(Integer), 2021-09-25 19:55:26.971(Timestamp), 2021-09-25 19:55:26.971(Timestamp)
2021-09-25 19:55:27.004 DEBUG http-nio-9000-exec-2 [com.xdemo.auth.Repository.DemoAuthTokenMapper.insert:?]-<==    Updates: 1
2021-09-25 19:55:27.005 INFO  http-nio-9000-exec-2 [com.xdemo.auth.Service.impl.LoginInServiceImpl:?]-登录成功，并储存token成功
2021-09-25 19:55:27.008 WARN  http-nio-9000-exec-4 [org.springframework.web.servlet.mvc.support.DefaultHandlerExceptionResolver:?]-Resolved [org.springframework.web.bind.MissingRequestHeaderException: Missing request header 'X-Token' for method parameter of type String]
2021-09-25 19:56:41.014 INFO  http-nio-9000-exec-5 [com.xdemo.auth.Controller.LoginController:?]-用户登录，test123
2021-09-25 19:56:41.014 INFO  http-nio-9000-exec-5 [com.xdemo.auth.Service.impl.LoginInServiceImpl:?]-判断用户是否存在
2021-09-25 19:56:41.034 DEBUG http-nio-9000-exec-5 [com.xdemo.auth.Repository.DemoAuthUserMapper.selectByMap:?]-==>  Preparing: SELECT id,username,password,is_superuser,first_name,last_name,email,phone,is_active FROM demo_auth_user WHERE username = ?
2021-09-25 19:56:41.034 DEBUG http-nio-9000-exec-5 [com.xdemo.auth.Repository.DemoAuthUserMapper.selectByMap:?]-==> Parameters: test123(String)
2021-09-25 19:56:41.082 DEBUG http-nio-9000-exec-5 [com.xdemo.auth.Repository.DemoAuthUserMapper.selectByMap:?]-<==      Total: 1
2021-09-25 19:56:41.083 INFO  http-nio-9000-exec-5 [com.xdemo.auth.Service.impl.LoginInServiceImpl:?]-用户存在，开始验证密码
2021-09-25 19:56:41.083 INFO  http-nio-9000-exec-5 [com.xdemo.auth.Service.impl.LoginInServiceImpl:?]-密码验证通过
2021-09-25 19:56:41.101 INFO  http-nio-9000-exec-5 [com.xdemo.auth.Service.impl.LoginInServiceImpl:?]-插入用户缓存 >> eyJUeXBlIjoiSnd0IiwidHlwIjoiSldUIiwiYWxnIjoiSFMyNTYifQ.eyJleHAiOjE2MzI1NzE5MDEsInVzZXJJZCI6MTIwLCJpYXQiOjE2MzI1NzEwMDEsInVzZXJuYW1lIjoidGVzdDEyMyJ9.-1s1gyB6vPO6VVA-nvziIkvwMHtFqyMfqMDWt4zeUVc
2021-09-25 19:56:41.104 DEBUG http-nio-9000-exec-5 [com.xdemo.auth.Repository.DemoAuthTokenMapper.insert:?]-==>  Preparing: INSERT INTO demo_auth_token ( user_id, token, status, created_at, updated_at ) VALUES ( ?, ?, ?, ?, ? )
2021-09-25 19:56:41.105 DEBUG http-nio-9000-exec-5 [com.xdemo.auth.Repository.DemoAuthTokenMapper.insert:?]-==> Parameters: 120(Integer), eyJUeXBlIjoiSnd0IiwidHlwIjoiSldUIiwiYWxnIjoiSFMyNTYifQ.eyJleHAiOjE2MzI1NzE5MDEsInVzZXJJZCI6MTIwLCJpYXQiOjE2MzI1NzEwMDEsInVzZXJuYW1lIjoidGVzdDEyMyJ9.-1s1gyB6vPO6VVA-nvziIkvwMHtFqyMfqMDWt4zeUVc(String), 10(Integer), 2021-09-25 19:56:41.101(Timestamp), 2021-09-25 19:56:41.101(Timestamp)
2021-09-25 19:56:41.157 DEBUG http-nio-9000-exec-5 [com.xdemo.auth.Repository.DemoAuthTokenMapper.insert:?]-<==    Updates: 1
2021-09-25 19:56:41.159 INFO  http-nio-9000-exec-5 [com.xdemo.auth.Service.impl.LoginInServiceImpl:?]-登录成功，并储存token成功
2021-09-25 19:56:41.163 WARN  http-nio-9000-exec-6 [org.springframework.web.servlet.mvc.support.DefaultHandlerExceptionResolver:?]-Resolved [org.springframework.web.bind.MissingRequestHeaderException: Missing request header 'X-Token' for method parameter of type String]
2021-09-25 19:57:08.654 INFO  http-nio-9000-exec-8 [com.xdemo.auth.Controller.LoginController:?]-用户登录，test123
2021-09-25 19:57:08.654 INFO  http-nio-9000-exec-8 [com.xdemo.auth.Service.impl.LoginInServiceImpl:?]-判断用户是否存在
2021-09-25 19:57:08.669 DEBUG http-nio-9000-exec-8 [com.xdemo.auth.Repository.DemoAuthUserMapper.selectByMap:?]-==>  Preparing: SELECT id,username,password,is_superuser,first_name,last_name,email,phone,is_active FROM demo_auth_user WHERE username = ?
2021-09-25 19:57:08.669 DEBUG http-nio-9000-exec-8 [com.xdemo.auth.Repository.DemoAuthUserMapper.selectByMap:?]-==> Parameters: test123(String)
2021-09-25 19:57:08.688 DEBUG http-nio-9000-exec-8 [com.xdemo.auth.Repository.DemoAuthUserMapper.selectByMap:?]-<==      Total: 1
2021-09-25 19:57:08.689 INFO  http-nio-9000-exec-8 [com.xdemo.auth.Service.impl.LoginInServiceImpl:?]-用户存在，开始验证密码
2021-09-25 19:57:08.689 INFO  http-nio-9000-exec-8 [com.xdemo.auth.Service.impl.LoginInServiceImpl:?]-密码验证通过
2021-09-25 19:57:08.707 INFO  http-nio-9000-exec-8 [com.xdemo.auth.Service.impl.LoginInServiceImpl:?]-插入用户缓存 >> eyJUeXBlIjoiSnd0IiwidHlwIjoiSldUIiwiYWxnIjoiSFMyNTYifQ.eyJleHAiOjE2MzI1NzE5MjgsInVzZXJJZCI6MTIwLCJpYXQiOjE2MzI1NzEwMjgsInVzZXJuYW1lIjoidGVzdDEyMyJ9.YOqE6FoXQj1_hs-7TqgVeR73loitCOrDrFGZ51pCGCE
2021-09-25 19:57:08.708 DEBUG http-nio-9000-exec-8 [com.xdemo.auth.Repository.DemoAuthTokenMapper.insert:?]-==>  Preparing: INSERT INTO demo_auth_token ( user_id, token, status, created_at, updated_at ) VALUES ( ?, ?, ?, ?, ? )
2021-09-25 19:57:08.708 DEBUG http-nio-9000-exec-8 [com.xdemo.auth.Repository.DemoAuthTokenMapper.insert:?]-==> Parameters: 120(Integer), eyJUeXBlIjoiSnd0IiwidHlwIjoiSldUIiwiYWxnIjoiSFMyNTYifQ.eyJleHAiOjE2MzI1NzE5MjgsInVzZXJJZCI6MTIwLCJpYXQiOjE2MzI1NzEwMjgsInVzZXJuYW1lIjoidGVzdDEyMyJ9.YOqE6FoXQj1_hs-7TqgVeR73loitCOrDrFGZ51pCGCE(String), 10(Integer), 2021-09-25 19:57:08.707(Timestamp), 2021-09-25 19:57:08.707(Timestamp)
2021-09-25 19:57:08.740 DEBUG http-nio-9000-exec-8 [com.xdemo.auth.Repository.DemoAuthTokenMapper.insert:?]-<==    Updates: 1
2021-09-25 19:57:08.741 INFO  http-nio-9000-exec-8 [com.xdemo.auth.Service.impl.LoginInServiceImpl:?]-登录成功，并储存token成功
2021-09-25 19:57:08.747 WARN  http-nio-9000-exec-7 [org.springframework.web.servlet.mvc.support.DefaultHandlerExceptionResolver:?]-Resolved [org.springframework.web.bind.MissingRequestHeaderException: Missing request header 'X-Token' for method parameter of type String]
2021-09-25 19:57:24.312 INFO  http-nio-9000-exec-9 [com.xdemo.auth.Controller.LoginController:?]-用户登录，test123
2021-09-25 19:57:24.312 INFO  http-nio-9000-exec-9 [com.xdemo.auth.Service.impl.LoginInServiceImpl:?]-判断用户是否存在
2021-09-25 19:57:24.326 DEBUG http-nio-9000-exec-9 [com.xdemo.auth.Repository.DemoAuthUserMapper.selectByMap:?]-==>  Preparing: SELECT id,username,password,is_superuser,first_name,last_name,email,phone,is_active FROM demo_auth_user WHERE username = ?
2021-09-25 19:57:24.327 DEBUG http-nio-9000-exec-9 [com.xdemo.auth.Repository.DemoAuthUserMapper.selectByMap:?]-==> Parameters: test123(String)
2021-09-25 19:57:24.344 DEBUG http-nio-9000-exec-9 [com.xdemo.auth.Repository.DemoAuthUserMapper.selectByMap:?]-<==      Total: 1
2021-09-25 19:57:24.345 INFO  http-nio-9000-exec-9 [com.xdemo.auth.Service.impl.LoginInServiceImpl:?]-用户存在，开始验证密码
2021-09-25 19:57:24.345 INFO  http-nio-9000-exec-9 [com.xdemo.auth.Service.impl.LoginInServiceImpl:?]-密码验证通过
2021-09-25 19:57:24.363 INFO  http-nio-9000-exec-9 [com.xdemo.auth.Service.impl.LoginInServiceImpl:?]-插入用户缓存 >> eyJUeXBlIjoiSnd0IiwidHlwIjoiSldUIiwiYWxnIjoiSFMyNTYifQ.eyJleHAiOjE2MzI1NzE5NDQsInVzZXJJZCI6MTIwLCJpYXQiOjE2MzI1NzEwNDQsInVzZXJuYW1lIjoidGVzdDEyMyJ9.tp2wCkGThjzEumIdVIQR3pjpRk4VgQcEgm3x30wNuJY
2021-09-25 19:57:24.365 DEBUG http-nio-9000-exec-9 [com.xdemo.auth.Repository.DemoAuthTokenMapper.insert:?]-==>  Preparing: INSERT INTO demo_auth_token ( user_id, token, status, created_at, updated_at ) VALUES ( ?, ?, ?, ?, ? )
2021-09-25 19:57:24.367 DEBUG http-nio-9000-exec-9 [com.xdemo.auth.Repository.DemoAuthTokenMapper.insert:?]-==> Parameters: 120(Integer), eyJUeXBlIjoiSnd0IiwidHlwIjoiSldUIiwiYWxnIjoiSFMyNTYifQ.eyJleHAiOjE2MzI1NzE5NDQsInVzZXJJZCI6MTIwLCJpYXQiOjE2MzI1NzEwNDQsInVzZXJuYW1lIjoidGVzdDEyMyJ9.tp2wCkGThjzEumIdVIQR3pjpRk4VgQcEgm3x30wNuJY(String), 10(Integer), 2021-09-25 19:57:24.363(Timestamp), 2021-09-25 19:57:24.363(Timestamp)
2021-09-25 19:57:24.399 DEBUG http-nio-9000-exec-9 [com.xdemo.auth.Repository.DemoAuthTokenMapper.insert:?]-<==    Updates: 1
2021-09-25 19:57:24.399 INFO  http-nio-9000-exec-9 [com.xdemo.auth.Service.impl.LoginInServiceImpl:?]-登录成功，并储存token成功
2021-09-25 19:57:24.402 WARN  http-nio-9000-exec-10 [org.springframework.web.servlet.mvc.support.DefaultHandlerExceptionResolver:?]-Resolved [org.springframework.web.bind.MissingRequestHeaderException: Missing request header 'X-Token' for method parameter of type String]
2021-09-25 20:57:29.398 INFO  http-nio-9000-exec-1 [com.xdemo.auth.Controller.DemoPathWhiteController:?]-获取白名单列表
2021-09-25 20:57:29.451 DEBUG http-nio-9000-exec-1 [com.xdemo.auth.Repository.DemoPathWhiteMapper.selectList:?]-==>  Preparing: SELECT id,path,status FROM demo_path_white
2021-09-25 20:57:29.452 DEBUG http-nio-9000-exec-1 [com.xdemo.auth.Repository.DemoPathWhiteMapper.selectList:?]-==> Parameters: 
2021-09-25 20:57:29.505 DEBUG http-nio-9000-exec-1 [com.xdemo.auth.Repository.DemoPathWhiteMapper.selectList:?]-<==      Total: 35
2021-09-25 20:58:49.016 INFO  http-nio-9000-exec-2 [com.xdemo.auth.Controller.LoginController:?]-用户登录，test123
2021-09-25 20:58:49.016 INFO  http-nio-9000-exec-2 [com.xdemo.auth.Service.impl.LoginInServiceImpl:?]-判断用户是否存在
2021-09-25 20:58:49.053 DEBUG http-nio-9000-exec-2 [com.xdemo.auth.Repository.DemoAuthUserMapper.selectByMap:?]-==>  Preparing: SELECT id,username,password,is_superuser,first_name,last_name,email,phone,is_active FROM demo_auth_user WHERE username = ?
2021-09-25 20:58:49.053 DEBUG http-nio-9000-exec-2 [com.xdemo.auth.Repository.DemoAuthUserMapper.selectByMap:?]-==> Parameters: test123(String)
2021-09-25 20:58:49.103 DEBUG http-nio-9000-exec-2 [com.xdemo.auth.Repository.DemoAuthUserMapper.selectByMap:?]-<==      Total: 1
2021-09-25 20:58:49.103 INFO  http-nio-9000-exec-2 [com.xdemo.auth.Service.impl.LoginInServiceImpl:?]-用户存在，开始验证密码
2021-09-25 20:58:49.103 INFO  http-nio-9000-exec-2 [com.xdemo.auth.Service.impl.LoginInServiceImpl:?]-密码验证通过
2021-09-25 20:58:49.153 INFO  http-nio-9000-exec-2 [com.xdemo.auth.Service.impl.LoginInServiceImpl:?]-插入用户缓存 >> eyJUeXBlIjoiSnd0IiwidHlwIjoiSldUIiwiYWxnIjoiSFMyNTYifQ.eyJleHAiOjE2MzI1NzU2MjksInVzZXJJZCI6MTIwLCJpYXQiOjE2MzI1NzQ3MjksInVzZXJuYW1lIjoidGVzdDEyMyJ9.kxZW6LsjgOfifR2gB0DjfJzd2-HSb79G0CL2xyRJMy0
2021-09-25 20:58:49.153 DEBUG http-nio-9000-exec-2 [com.xdemo.auth.Repository.DemoAuthTokenMapper.insert:?]-==>  Preparing: INSERT INTO demo_auth_token ( user_id, token, status, created_at, updated_at ) VALUES ( ?, ?, ?, ?, ? )
2021-09-25 20:58:49.154 DEBUG http-nio-9000-exec-2 [com.xdemo.auth.Repository.DemoAuthTokenMapper.insert:?]-==> Parameters: 120(Integer), eyJUeXBlIjoiSnd0IiwidHlwIjoiSldUIiwiYWxnIjoiSFMyNTYifQ.eyJleHAiOjE2MzI1NzU2MjksInVzZXJJZCI6MTIwLCJpYXQiOjE2MzI1NzQ3MjksInVzZXJuYW1lIjoidGVzdDEyMyJ9.kxZW6LsjgOfifR2gB0DjfJzd2-HSb79G0CL2xyRJMy0(String), 10(Integer), 2021-09-25 20:58:49.153(Timestamp), 2021-09-25 20:58:49.153(Timestamp)
2021-09-25 20:58:49.252 DEBUG http-nio-9000-exec-2 [com.xdemo.auth.Repository.DemoAuthTokenMapper.insert:?]-<==    Updates: 1
2021-09-25 20:58:49.253 INFO  http-nio-9000-exec-2 [com.xdemo.auth.Service.impl.LoginInServiceImpl:?]-登录成功，并储存token成功
2021-09-25 21:00:57.349 INFO  http-nio-9000-exec-5 [com.xdemo.auth.Controller.LoginController:?]-用户登录，test123
2021-09-25 21:00:57.349 INFO  http-nio-9000-exec-5 [com.xdemo.auth.Service.impl.LoginInServiceImpl:?]-判断用户是否存在
2021-09-25 21:00:57.370 DEBUG http-nio-9000-exec-5 [com.xdemo.auth.Repository.DemoAuthUserMapper.selectByMap:?]-==>  Preparing: SELECT id,username,password,is_superuser,first_name,last_name,email,phone,is_active FROM demo_auth_user WHERE username = ?
2021-09-25 21:00:57.370 DEBUG http-nio-9000-exec-5 [com.xdemo.auth.Repository.DemoAuthUserMapper.selectByMap:?]-==> Parameters: test123(String)
2021-09-25 21:00:57.455 DEBUG http-nio-9000-exec-5 [com.xdemo.auth.Repository.DemoAuthUserMapper.selectByMap:?]-<==      Total: 1
2021-09-25 21:00:57.455 INFO  http-nio-9000-exec-5 [com.xdemo.auth.Service.impl.LoginInServiceImpl:?]-用户存在，开始验证密码
2021-09-25 21:00:57.456 INFO  http-nio-9000-exec-5 [com.xdemo.auth.Service.impl.LoginInServiceImpl:?]-密码验证通过
2021-09-25 21:00:57.505 INFO  http-nio-9000-exec-5 [com.xdemo.auth.Service.impl.LoginInServiceImpl:?]-插入用户缓存 >> eyJUeXBlIjoiSnd0IiwidHlwIjoiSldUIiwiYWxnIjoiSFMyNTYifQ.eyJleHAiOjE2MzI1NzU3NTcsInVzZXJJZCI6MTIwLCJpYXQiOjE2MzI1NzQ4NTcsInVzZXJuYW1lIjoidGVzdDEyMyJ9.tyn3FDghLoA3MIAU48kL4Qx7dvoQ2DmMRW5QTSgK9WM
2021-09-25 21:00:57.506 DEBUG http-nio-9000-exec-5 [com.xdemo.auth.Repository.DemoAuthTokenMapper.insert:?]-==>  Preparing: INSERT INTO demo_auth_token ( user_id, token, status, created_at, updated_at ) VALUES ( ?, ?, ?, ?, ? )
2021-09-25 21:00:57.506 DEBUG http-nio-9000-exec-5 [com.xdemo.auth.Repository.DemoAuthTokenMapper.insert:?]-==> Parameters: 120(Integer), eyJUeXBlIjoiSnd0IiwidHlwIjoiSldUIiwiYWxnIjoiSFMyNTYifQ.eyJleHAiOjE2MzI1NzU3NTcsInVzZXJJZCI6MTIwLCJpYXQiOjE2MzI1NzQ4NTcsInVzZXJuYW1lIjoidGVzdDEyMyJ9.tyn3FDghLoA3MIAU48kL4Qx7dvoQ2DmMRW5QTSgK9WM(String), 10(Integer), 2021-09-25 21:00:57.505(Timestamp), 2021-09-25 21:00:57.505(Timestamp)
2021-09-25 21:00:57.604 DEBUG http-nio-9000-exec-5 [com.xdemo.auth.Repository.DemoAuthTokenMapper.insert:?]-<==    Updates: 1
2021-09-25 21:00:57.605 INFO  http-nio-9000-exec-5 [com.xdemo.auth.Service.impl.LoginInServiceImpl:?]-登录成功，并储存token成功
